{"level":"error","message":"bangbang","stack":"Error: bang\n    at Object.<anonymous> (/Users/olasoj/Downloads/web_development/nodeJS/nodejsCodes/restful/vidly/index.js:44:7)\n    at Module._compile (internal/modules/cjs/loader.js:776:30)\n    at Object.Module._extensions..js (internal/modules/cjs/loader.js:787:10)\n    at Module.load (internal/modules/cjs/loader.js:653:32)\n    at tryModuleLoad (internal/modules/cjs/loader.js:593:12)\n    at Function.Module._load (internal/modules/cjs/loader.js:585:3)\n    at Function.Module.runMain (internal/modules/cjs/loader.js:829:12)\n    at startup (internal/bootstrap/node.js:283:19)\n    at bootstrapNodeJSCore (internal/bootstrap/node.js:622:3)"}
{"level":"error","message":"bangbang","stack":"Error: bang\n    at Object.<anonymous> (/Users/olasoj/Downloads/web_development/nodeJS/nodejsCodes/restful/vidly/index.js:54:29)\n    at Module._compile (internal/modules/cjs/loader.js:776:30)\n    at Object.Module._extensions..js (internal/modules/cjs/loader.js:787:10)\n    at Module.load (internal/modules/cjs/loader.js:653:32)\n    at tryModuleLoad (internal/modules/cjs/loader.js:593:12)\n    at Function.Module._load (internal/modules/cjs/loader.js:585:3)\n    at Function.Module.runMain (internal/modules/cjs/loader.js:829:12)\n    at startup (internal/bootstrap/node.js:283:19)\n    at bootstrapNodeJSCore (internal/bootstrap/node.js:622:3)"}
{"message":"connected to database","level":"info"}
{"message":"connected to database","level":"info"}
{"name":"MongoNetworkError","errorLabels":["TransientTransactionError"],"level":"error","message":"failed to connect to server [localhost:27017] on first connect [MongoNetworkError: connect ECONNREFUSED 127.0.0.1:27017]failed to connect to server [localhost:27017] on first connect [MongoNetworkError: connect ECONNREFUSED 127.0.0.1:27017]","stack":"MongoNetworkError: failed to connect to server [localhost:27017] on first connect [MongoNetworkError: connect ECONNREFUSED 127.0.0.1:27017]\n    at Pool.<anonymous> (/Users/olasoj/Downloads/web_development/nodeJS/nodejsCodes/restful/vidly/node_modules/mongodb-core/lib/topologies/server.js:431:11)\n    at Pool.emit (events.js:198:13)\n    at connect (/Users/olasoj/Downloads/web_development/nodeJS/nodejsCodes/restful/vidly/node_modules/mongodb-core/lib/connection/pool.js:557:14)\n    at makeConnection (/Users/olasoj/Downloads/web_development/nodeJS/nodejsCodes/restful/vidly/node_modules/mongodb-core/lib/connection/connect.js:39:11)\n    at callback (/Users/olasoj/Downloads/web_development/nodeJS/nodejsCodes/restful/vidly/node_modules/mongodb-core/lib/connection/connect.js:261:5)\n    at Socket.err (/Users/olasoj/Downloads/web_development/nodeJS/nodejsCodes/restful/vidly/node_modules/mongodb-core/lib/connection/connect.js:286:7)\n    at Object.onceWrapper (events.js:286:20)\n    at Socket.emit (events.js:198:13)\n    at emitErrorNT (internal/streams/destroy.js:91:8)\n    at emitErrorAndCloseNT (internal/streams/destroy.js:59:3)\n    at process._tickCallback (internal/process/next_tick.js:63:19)"}
{"message":"connected to database","level":"info"}
{"message":"connected to database","level":"info"}
{"message":"listening on 3000","level":"info"}
{"message":"connected to database","level":"info"}
{"message":"listening on 3000","level":"info"}
{"message":"connected to database","level":"info"}
{"message":"listening on 3000","level":"info"}
{"message":"connected to database","level":"info"}
{"message":"listening on 3000","level":"info"}
{"message":"listening on 3000","level":"info"}
{"name":"MongoNetworkError","errorLabels":["TransientTransactionError"],"level":"error","message":"failed to connect to server [localhost:27017] on first connect [MongoNetworkError: connect ECONNREFUSED 127.0.0.1:27017]failed to connect to server [localhost:27017] on first connect [MongoNetworkError: connect ECONNREFUSED 127.0.0.1:27017]","stack":"MongoNetworkError: failed to connect to server [localhost:27017] on first connect [MongoNetworkError: connect ECONNREFUSED 127.0.0.1:27017]\n    at Pool.<anonymous> (/Users/olasoj/Downloads/web_development/nodeJS/nodejsCodes/restful/vidly/node_modules/mongodb-core/lib/topologies/server.js:431:11)\n    at Pool.emit (events.js:198:13)\n    at connect (/Users/olasoj/Downloads/web_development/nodeJS/nodejsCodes/restful/vidly/node_modules/mongodb-core/lib/connection/pool.js:557:14)\n    at makeConnection (/Users/olasoj/Downloads/web_development/nodeJS/nodejsCodes/restful/vidly/node_modules/mongodb-core/lib/connection/connect.js:39:11)\n    at callback (/Users/olasoj/Downloads/web_development/nodeJS/nodejsCodes/restful/vidly/node_modules/mongodb-core/lib/connection/connect.js:261:5)\n    at Socket.err (/Users/olasoj/Downloads/web_development/nodeJS/nodejsCodes/restful/vidly/node_modules/mongodb-core/lib/connection/connect.js:286:7)\n    at Object.onceWrapper (events.js:286:20)\n    at Socket.emit (events.js:198:13)\n    at emitErrorNT (internal/streams/destroy.js:91:8)\n    at emitErrorAndCloseNT (internal/streams/destroy.js:59:3)\n    at process._tickCallback (internal/process/next_tick.js:63:19)"}
{"message":"listening on 3000","level":"info"}
{"message":"connected to mongodb://localhost/vidly","level":"info"}
{"message":"listening on 3000","level":"info"}
{"message":"connected to mongodb://localhost/vidly_test","level":"info"}
{"message":"listening on 3000","level":"info"}
{"message":"connected to mongodb://localhost/vidly_test","level":"info"}
{"message":"listening on 3000","level":"info"}
{"message":"connected to mongodb://localhost/vidly_test","level":"info"}
{"message":"listening on 3000","level":"info"}
{"message":"connected to mongodb://localhost/vidly_test","level":"info"}
{"message":"listening on 3000","level":"info"}
{"message":"connected to mongodb://localhost/vidly_test","level":"info"}
{"message":"listening on 3000","level":"info"}
{"message":"connected to mongodb://localhost/vidly_test","level":"info"}
{"message":"listening on 3000","level":"info"}
{"message":"connected to mongodb://localhost/vidly_test","level":"info"}
{"message":"listening on 3000","level":"info"}
{"message":"connected to mongodb://localhost/vidly_test","level":"info"}
{"message":"listening on 3000","level":"info"}
{"message":"connected to mongodb://localhost/vidly_test","level":"info"}
{"message":"listening on 3000","level":"info"}
{"message":"connected to mongodb://localhost/vidly_test","level":"info"}
{"message":"listening on 3000","level":"info"}
{"message":"connected to mongodb://localhost/vidly_test","level":"info"}
{"message":"listening on 3000","level":"info"}
{"message":"connected to mongodb://localhost/vidly_test","level":"info"}
{"message":"listening on 3000","level":"info"}
{"message":"connected to mongodb://localhost/vidly_test","level":"info"}
{"message":"listening on 3000","level":"info"}
{"message":"connected to mongodb://localhost/vidly_test","level":"info"}
{"message":"listening on 3000","level":"info"}
{"message":"connected to mongodb://localhost/vidly_test","level":"info"}
{"message":"listening on 3000","level":"info"}
{"message":"connected to mongodb://localhost/vidly_test","level":"info"}
{"message":"listening on 3000","level":"info"}
{"message":"connected to mongodb://localhost/vidly_test","level":"info"}
{"message":"listening on 3000","level":"info"}
{"message":"connected to mongodb://localhost/vidly_test","level":"info"}
{"message":"listening on 3000","level":"info"}
{"message":"connected to mongodb://localhost/vidly_test","level":"info"}
{"message":"listening on 3000","level":"info"}
{"message":"connected to mongodb://localhost/vidly_test","level":"info"}
{"message":"listening on 3000","level":"info"}
{"message":"connected to mongodb://localhost/vidly_test","level":"info"}
{"message":"listening on 3000","level":"info"}
{"message":"connected to mongodb://localhost/vidly_test","level":"info"}
{"message":"listening on 3000","level":"info"}
{"message":"connected to mongodb://localhost/vidly_test","level":"info"}
{"message":"listening on 3000","level":"info"}
{"message":"connected to mongodb://localhost/vidly_test","level":"info"}
{"message":"listening on 3000","level":"info"}
{"message":"connected to mongodb://localhost/vidly_test","level":"info"}
{"message":"listening on 3000","level":"info"}
{"message":"connected to mongodb://localhost/vidly_test","level":"info"}
{"message":"listening on 3000","level":"info"}
{"message":"connected to mongodb://localhost/vidly_test","level":"info"}
{"message":"listening on 3000","level":"info"}
{"message":"connected to mongodb://localhost/vidly_test","level":"info"}
{"message":"listening on 3000","level":"info"}
{"message":"connected to mongodb://localhost/vidly_test","level":"info"}
{"message":"listening on 3000","level":"info"}
{"message":"connected to mongodb://localhost/vidly_test","level":"info"}
{"message":"Cast to ObjectId failed for value \"1\" at path \"_id\" for model \"Genre\"Cast to ObjectId failed for value \"1\" at path \"_id\" for model \"Genre\"","name":"CastError","stringValue":"\"1\"","kind":"ObjectId","value":"1","path":"_id","level":"error","stack":"CastError: Cast to ObjectId failed for value \"1\" at path \"_id\" for model \"Genre\"\n    at new CastError (/Users/olasoj/Downloads/web_development/nodeJS/nodejsCodes/restful/vidly/node_modules/mongoose/lib/error/cast.js:29:11)\n    at ObjectId.Object.<anonymous>.ObjectId.cast (/Users/olasoj/Downloads/web_development/nodeJS/nodejsCodes/restful/vidly/node_modules/mongoose/lib/schema/objectid.js:244:11)\n    at ObjectId.Object.<anonymous>.SchemaType.applySetters (/Users/olasoj/Downloads/web_development/nodeJS/nodejsCodes/restful/vidly/node_modules/mongoose/lib/schematype.js:948:12)\n    at ObjectId.Object.<anonymous>.SchemaType._castForQuery (/Users/olasoj/Downloads/web_development/nodeJS/nodejsCodes/restful/vidly/node_modules/mongoose/lib/schematype.js:1362:15)\n    at ObjectId.Object.<anonymous>.SchemaType.castForQuery (/Users/olasoj/Downloads/web_development/nodeJS/nodejsCodes/restful/vidly/node_modules/mongoose/lib/schematype.js:1352:15)\n    at ObjectId.Object.<anonymous>.SchemaType.castForQueryWrapper (/Users/olasoj/Downloads/web_development/nodeJS/nodejsCodes/restful/vidly/node_modules/mongoose/lib/schematype.js:1331:15)\n    at cast (/Users/olasoj/Downloads/web_development/nodeJS/nodejsCodes/restful/vidly/node_modules/mongoose/lib/cast.js:307:32)\n    at model.Query.Object.<anonymous>.Query.cast (/Users/olasoj/Downloads/web_development/nodeJS/nodejsCodes/restful/vidly/node_modules/mongoose/lib/query.js:4576:12)\n    at model.Query.Object.<anonymous>.Query._castConditions (/Users/olasoj/Downloads/web_development/nodeJS/nodejsCodes/restful/vidly/node_modules/mongoose/lib/query.js:1783:10)\n    at model.Query.<anonymous> (/Users/olasoj/Downloads/web_development/nodeJS/nodejsCodes/restful/vidly/node_modules/mongoose/lib/query.js:2038:8)\n    at model.Query._wrappedThunk [as _findOne] (/Users/olasoj/Downloads/web_development/nodeJS/nodejsCodes/restful/vidly/node_modules/mongoose/lib/helpers/query/wrapThunk.js:16:8)\n    at process.nextTick (/Users/olasoj/Downloads/web_development/nodeJS/nodejsCodes/restful/vidly/node_modules/kareem/index.js:369:33)\n    at process._tickCallback (internal/process/next_tick.js:61:11)"}
{"message":"listening on 3000","level":"info"}
{"message":"connected to mongodb://localhost/vidly_test","level":"info"}
{"message":"listening on 3000","level":"info"}
{"message":"connected to mongodb://localhost/vidly_test","level":"info"}
{"message":"listening on 3000","level":"info"}
{"message":"connected to mongodb://localhost/vidly_test","level":"info"}
{"message":"listening on 3000","level":"info"}
{"message":"connected to mongodb://localhost/vidly_test","level":"info"}
{"message":"listening on 3000","level":"info"}
{"message":"connected to mongodb://localhost/vidly_test","level":"info"}
{"message":"listening on 3000","level":"info"}
{"message":"connected to mongodb://localhost/vidly_test","level":"info"}
{"level":"error","message":"mongoose is not definedmongoose is not defined","stack":"ReferenceError: mongoose is not defined\n    at Object.<anonymous>.router.get (/Users/olasoj/Downloads/web_development/nodeJS/nodejsCodes/restful/vidly/routes/genres.js:28:5)\n    at newFn (/Users/olasoj/Downloads/web_development/nodeJS/nodejsCodes/restful/vidly/node_modules/express-async-errors/index.js:16:20)\n    at Layer.handle [as handle_request] (/Users/olasoj/Downloads/web_development/nodeJS/nodejsCodes/restful/vidly/node_modules/express/lib/router/layer.js:95:5)\n    at next (/Users/olasoj/Downloads/web_development/nodeJS/nodejsCodes/restful/vidly/node_modules/express/lib/router/route.js:137:13)\n    at Route.dispatch (/Users/olasoj/Downloads/web_development/nodeJS/nodejsCodes/restful/vidly/node_modules/express/lib/router/route.js:112:3)\n    at newFn (/Users/olasoj/Downloads/web_development/nodeJS/nodejsCodes/restful/vidly/node_modules/express-async-errors/index.js:16:20)\n    at Layer.handle [as handle_request] (/Users/olasoj/Downloads/web_development/nodeJS/nodejsCodes/restful/vidly/node_modules/express/lib/router/layer.js:95:5)\n    at /Users/olasoj/Downloads/web_development/nodeJS/nodejsCodes/restful/vidly/node_modules/express/lib/router/index.js:281:22\n    at param (/Users/olasoj/Downloads/web_development/nodeJS/nodejsCodes/restful/vidly/node_modules/express/lib/router/index.js:354:14)\n    at param (/Users/olasoj/Downloads/web_development/nodeJS/nodejsCodes/restful/vidly/node_modules/express/lib/router/index.js:365:14)\n    at Function.process_params (/Users/olasoj/Downloads/web_development/nodeJS/nodejsCodes/restful/vidly/node_modules/express/lib/router/index.js:410:3)\n    at next (/Users/olasoj/Downloads/web_development/nodeJS/nodejsCodes/restful/vidly/node_modules/express/lib/router/index.js:275:10)\n    at Function.handle (/Users/olasoj/Downloads/web_development/nodeJS/nodejsCodes/restful/vidly/node_modules/express/lib/router/index.js:174:3)\n    at router (/Users/olasoj/Downloads/web_development/nodeJS/nodejsCodes/restful/vidly/node_modules/express/lib/router/index.js:47:12)\n    at newFn (/Users/olasoj/Downloads/web_development/nodeJS/nodejsCodes/restful/vidly/node_modules/express-async-errors/index.js:16:20)\n    at Layer.handle [as handle_request] (/Users/olasoj/Downloads/web_development/nodeJS/nodejsCodes/restful/vidly/node_modules/express/lib/router/layer.js:95:5)\n    at trim_prefix (/Users/olasoj/Downloads/web_development/nodeJS/nodejsCodes/restful/vidly/node_modules/express/lib/router/index.js:317:13)\n    at /Users/olasoj/Downloads/web_development/nodeJS/nodejsCodes/restful/vidly/node_modules/express/lib/router/index.js:284:7\n    at Function.process_params (/Users/olasoj/Downloads/web_development/nodeJS/nodejsCodes/restful/vidly/node_modules/express/lib/router/index.js:335:12)\n    at next (/Users/olasoj/Downloads/web_development/nodeJS/nodejsCodes/restful/vidly/node_modules/express/lib/router/index.js:275:10)\n    at /Users/olasoj/Downloads/web_development/nodeJS/nodejsCodes/restful/vidly/node_modules/express/lib/router/index.js:635:15\n    at next (/Users/olasoj/Downloads/web_development/nodeJS/nodejsCodes/restful/vidly/node_modules/express/lib/router/index.js:260:14)\n    at Function.handle (/Users/olasoj/Downloads/web_development/nodeJS/nodejsCodes/restful/vidly/node_modules/express/lib/router/index.js:174:3)\n    at router (/Users/olasoj/Downloads/web_development/nodeJS/nodejsCodes/restful/vidly/node_modules/express/lib/router/index.js:47:12)\n    at newFn (/Users/olasoj/Downloads/web_development/nodeJS/nodejsCodes/restful/vidly/node_modules/express-async-errors/index.js:16:20)\n    at Layer.handle [as handle_request] (/Users/olasoj/Downloads/web_development/nodeJS/nodejsCodes/restful/vidly/node_modules/express/lib/router/layer.js:95:5)\n    at trim_prefix (/Users/olasoj/Downloads/web_development/nodeJS/nodejsCodes/restful/vidly/node_modules/express/lib/router/index.js:317:13)\n    at /Users/olasoj/Downloads/web_development/nodeJS/nodejsCodes/restful/vidly/node_modules/express/lib/router/index.js:284:7\n    at Function.process_params (/Users/olasoj/Downloads/web_development/nodeJS/nodejsCodes/restful/vidly/node_modules/express/lib/router/index.js:335:12)\n    at next (/Users/olasoj/Downloads/web_development/nodeJS/nodejsCodes/restful/vidly/node_modules/express/lib/router/index.js:275:10)\n    at jsonParser (/Users/olasoj/Downloads/web_development/nodeJS/nodejsCodes/restful/vidly/node_modules/body-parser/lib/types/json.js:110:7)\n    at newFn (/Users/olasoj/Downloads/web_development/nodeJS/nodejsCodes/restful/vidly/node_modules/express-async-errors/index.js:16:20)\n    at Layer.handle [as handle_request] (/Users/olasoj/Downloads/web_development/nodeJS/nodejsCodes/restful/vidly/node_modules/express/lib/router/layer.js:95:5)\n    at trim_prefix (/Users/olasoj/Downloads/web_development/nodeJS/nodejsCodes/restful/vidly/node_modules/express/lib/router/index.js:317:13)\n    at /Users/olasoj/Downloads/web_development/nodeJS/nodejsCodes/restful/vidly/node_modules/express/lib/router/index.js:284:7\n    at Function.process_params (/Users/olasoj/Downloads/web_development/nodeJS/nodejsCodes/restful/vidly/node_modules/express/lib/router/index.js:335:12)\n    at next (/Users/olasoj/Downloads/web_development/nodeJS/nodejsCodes/restful/vidly/node_modules/express/lib/router/index.js:275:10)\n    at expressInit (/Users/olasoj/Downloads/web_development/nodeJS/nodejsCodes/restful/vidly/node_modules/express/lib/middleware/init.js:40:5)\n    at newFn (/Users/olasoj/Downloads/web_development/nodeJS/nodejsCodes/restful/vidly/node_modules/express-async-errors/index.js:16:20)\n    at Layer.handle [as handle_request] (/Users/olasoj/Downloads/web_development/nodeJS/nodejsCodes/restful/vidly/node_modules/express/lib/router/layer.js:95:5)\n    at trim_prefix (/Users/olasoj/Downloads/web_development/nodeJS/nodejsCodes/restful/vidly/node_modules/express/lib/router/index.js:317:13)\n    at /Users/olasoj/Downloads/web_development/nodeJS/nodejsCodes/restful/vidly/node_modules/express/lib/router/index.js:284:7\n    at Function.process_params (/Users/olasoj/Downloads/web_development/nodeJS/nodejsCodes/restful/vidly/node_modules/express/lib/router/index.js:335:12)\n    at next (/Users/olasoj/Downloads/web_development/nodeJS/nodejsCodes/restful/vidly/node_modules/express/lib/router/index.js:275:10)\n    at query (/Users/olasoj/Downloads/web_development/nodeJS/nodejsCodes/restful/vidly/node_modules/express/lib/middleware/query.js:45:5)\n    at newFn (/Users/olasoj/Downloads/web_development/nodeJS/nodejsCodes/restful/vidly/node_modules/express-async-errors/index.js:16:20)\n    at Layer.handle [as handle_request] (/Users/olasoj/Downloads/web_development/nodeJS/nodejsCodes/restful/vidly/node_modules/express/lib/router/layer.js:95:5)\n    at trim_prefix (/Users/olasoj/Downloads/web_development/nodeJS/nodejsCodes/restful/vidly/node_modules/express/lib/router/index.js:317:13)\n    at /Users/olasoj/Downloads/web_development/nodeJS/nodejsCodes/restful/vidly/node_modules/express/lib/router/index.js:284:7\n    at Function.process_params (/Users/olasoj/Downloads/web_development/nodeJS/nodejsCodes/restful/vidly/node_modules/express/lib/router/index.js:335:12)\n    at next (/Users/olasoj/Downloads/web_development/nodeJS/nodejsCodes/restful/vidly/node_modules/express/lib/router/index.js:275:10)\n    at Function.handle (/Users/olasoj/Downloads/web_development/nodeJS/nodejsCodes/restful/vidly/node_modules/express/lib/router/index.js:174:3)\n    at Function.handle (/Users/olasoj/Downloads/web_development/nodeJS/nodejsCodes/restful/vidly/node_modules/express/lib/application.js:174:10)\n    at Server.app (/Users/olasoj/Downloads/web_development/nodeJS/nodejsCodes/restful/vidly/node_modules/express/lib/express.js:39:9)\n    at Server.emit (events.js:198:13)\n    at parserOnIncoming (_http_server.js:677:12)\n    at HTTPParser.parserOnHeadersComplete (_http_common.js:109:17)"}
{"level":"error","message":"mongoose is not definedmongoose is not defined","stack":"ReferenceError: mongoose is not defined\n    at Object.<anonymous>.router.get (/Users/olasoj/Downloads/web_development/nodeJS/nodejsCodes/restful/vidly/routes/genres.js:28:5)\n    at newFn (/Users/olasoj/Downloads/web_development/nodeJS/nodejsCodes/restful/vidly/node_modules/express-async-errors/index.js:16:20)\n    at Layer.handle [as handle_request] (/Users/olasoj/Downloads/web_development/nodeJS/nodejsCodes/restful/vidly/node_modules/express/lib/router/layer.js:95:5)\n    at next (/Users/olasoj/Downloads/web_development/nodeJS/nodejsCodes/restful/vidly/node_modules/express/lib/router/route.js:137:13)\n    at Route.dispatch (/Users/olasoj/Downloads/web_development/nodeJS/nodejsCodes/restful/vidly/node_modules/express/lib/router/route.js:112:3)\n    at newFn (/Users/olasoj/Downloads/web_development/nodeJS/nodejsCodes/restful/vidly/node_modules/express-async-errors/index.js:16:20)\n    at Layer.handle [as handle_request] (/Users/olasoj/Downloads/web_development/nodeJS/nodejsCodes/restful/vidly/node_modules/express/lib/router/layer.js:95:5)\n    at /Users/olasoj/Downloads/web_development/nodeJS/nodejsCodes/restful/vidly/node_modules/express/lib/router/index.js:281:22\n    at param (/Users/olasoj/Downloads/web_development/nodeJS/nodejsCodes/restful/vidly/node_modules/express/lib/router/index.js:354:14)\n    at param (/Users/olasoj/Downloads/web_development/nodeJS/nodejsCodes/restful/vidly/node_modules/express/lib/router/index.js:365:14)\n    at Function.process_params (/Users/olasoj/Downloads/web_development/nodeJS/nodejsCodes/restful/vidly/node_modules/express/lib/router/index.js:410:3)\n    at next (/Users/olasoj/Downloads/web_development/nodeJS/nodejsCodes/restful/vidly/node_modules/express/lib/router/index.js:275:10)\n    at Function.handle (/Users/olasoj/Downloads/web_development/nodeJS/nodejsCodes/restful/vidly/node_modules/express/lib/router/index.js:174:3)\n    at router (/Users/olasoj/Downloads/web_development/nodeJS/nodejsCodes/restful/vidly/node_modules/express/lib/router/index.js:47:12)\n    at newFn (/Users/olasoj/Downloads/web_development/nodeJS/nodejsCodes/restful/vidly/node_modules/express-async-errors/index.js:16:20)\n    at Layer.handle [as handle_request] (/Users/olasoj/Downloads/web_development/nodeJS/nodejsCodes/restful/vidly/node_modules/express/lib/router/layer.js:95:5)\n    at trim_prefix (/Users/olasoj/Downloads/web_development/nodeJS/nodejsCodes/restful/vidly/node_modules/express/lib/router/index.js:317:13)\n    at /Users/olasoj/Downloads/web_development/nodeJS/nodejsCodes/restful/vidly/node_modules/express/lib/router/index.js:284:7\n    at Function.process_params (/Users/olasoj/Downloads/web_development/nodeJS/nodejsCodes/restful/vidly/node_modules/express/lib/router/index.js:335:12)\n    at next (/Users/olasoj/Downloads/web_development/nodeJS/nodejsCodes/restful/vidly/node_modules/express/lib/router/index.js:275:10)\n    at /Users/olasoj/Downloads/web_development/nodeJS/nodejsCodes/restful/vidly/node_modules/express/lib/router/index.js:635:15\n    at next (/Users/olasoj/Downloads/web_development/nodeJS/nodejsCodes/restful/vidly/node_modules/express/lib/router/index.js:260:14)\n    at Function.handle (/Users/olasoj/Downloads/web_development/nodeJS/nodejsCodes/restful/vidly/node_modules/express/lib/router/index.js:174:3)\n    at router (/Users/olasoj/Downloads/web_development/nodeJS/nodejsCodes/restful/vidly/node_modules/express/lib/router/index.js:47:12)\n    at newFn (/Users/olasoj/Downloads/web_development/nodeJS/nodejsCodes/restful/vidly/node_modules/express-async-errors/index.js:16:20)\n    at Layer.handle [as handle_request] (/Users/olasoj/Downloads/web_development/nodeJS/nodejsCodes/restful/vidly/node_modules/express/lib/router/layer.js:95:5)\n    at trim_prefix (/Users/olasoj/Downloads/web_development/nodeJS/nodejsCodes/restful/vidly/node_modules/express/lib/router/index.js:317:13)\n    at /Users/olasoj/Downloads/web_development/nodeJS/nodejsCodes/restful/vidly/node_modules/express/lib/router/index.js:284:7\n    at Function.process_params (/Users/olasoj/Downloads/web_development/nodeJS/nodejsCodes/restful/vidly/node_modules/express/lib/router/index.js:335:12)\n    at next (/Users/olasoj/Downloads/web_development/nodeJS/nodejsCodes/restful/vidly/node_modules/express/lib/router/index.js:275:10)\n    at jsonParser (/Users/olasoj/Downloads/web_development/nodeJS/nodejsCodes/restful/vidly/node_modules/body-parser/lib/types/json.js:110:7)\n    at newFn (/Users/olasoj/Downloads/web_development/nodeJS/nodejsCodes/restful/vidly/node_modules/express-async-errors/index.js:16:20)\n    at Layer.handle [as handle_request] (/Users/olasoj/Downloads/web_development/nodeJS/nodejsCodes/restful/vidly/node_modules/express/lib/router/layer.js:95:5)\n    at trim_prefix (/Users/olasoj/Downloads/web_development/nodeJS/nodejsCodes/restful/vidly/node_modules/express/lib/router/index.js:317:13)\n    at /Users/olasoj/Downloads/web_development/nodeJS/nodejsCodes/restful/vidly/node_modules/express/lib/router/index.js:284:7\n    at Function.process_params (/Users/olasoj/Downloads/web_development/nodeJS/nodejsCodes/restful/vidly/node_modules/express/lib/router/index.js:335:12)\n    at next (/Users/olasoj/Downloads/web_development/nodeJS/nodejsCodes/restful/vidly/node_modules/express/lib/router/index.js:275:10)\n    at expressInit (/Users/olasoj/Downloads/web_development/nodeJS/nodejsCodes/restful/vidly/node_modules/express/lib/middleware/init.js:40:5)\n    at newFn (/Users/olasoj/Downloads/web_development/nodeJS/nodejsCodes/restful/vidly/node_modules/express-async-errors/index.js:16:20)\n    at Layer.handle [as handle_request] (/Users/olasoj/Downloads/web_development/nodeJS/nodejsCodes/restful/vidly/node_modules/express/lib/router/layer.js:95:5)\n    at trim_prefix (/Users/olasoj/Downloads/web_development/nodeJS/nodejsCodes/restful/vidly/node_modules/express/lib/router/index.js:317:13)\n    at /Users/olasoj/Downloads/web_development/nodeJS/nodejsCodes/restful/vidly/node_modules/express/lib/router/index.js:284:7\n    at Function.process_params (/Users/olasoj/Downloads/web_development/nodeJS/nodejsCodes/restful/vidly/node_modules/express/lib/router/index.js:335:12)\n    at next (/Users/olasoj/Downloads/web_development/nodeJS/nodejsCodes/restful/vidly/node_modules/express/lib/router/index.js:275:10)\n    at query (/Users/olasoj/Downloads/web_development/nodeJS/nodejsCodes/restful/vidly/node_modules/express/lib/middleware/query.js:45:5)\n    at newFn (/Users/olasoj/Downloads/web_development/nodeJS/nodejsCodes/restful/vidly/node_modules/express-async-errors/index.js:16:20)\n    at Layer.handle [as handle_request] (/Users/olasoj/Downloads/web_development/nodeJS/nodejsCodes/restful/vidly/node_modules/express/lib/router/layer.js:95:5)\n    at trim_prefix (/Users/olasoj/Downloads/web_development/nodeJS/nodejsCodes/restful/vidly/node_modules/express/lib/router/index.js:317:13)\n    at /Users/olasoj/Downloads/web_development/nodeJS/nodejsCodes/restful/vidly/node_modules/express/lib/router/index.js:284:7\n    at Function.process_params (/Users/olasoj/Downloads/web_development/nodeJS/nodejsCodes/restful/vidly/node_modules/express/lib/router/index.js:335:12)\n    at next (/Users/olasoj/Downloads/web_development/nodeJS/nodejsCodes/restful/vidly/node_modules/express/lib/router/index.js:275:10)\n    at Function.handle (/Users/olasoj/Downloads/web_development/nodeJS/nodejsCodes/restful/vidly/node_modules/express/lib/router/index.js:174:3)\n    at Function.handle (/Users/olasoj/Downloads/web_development/nodeJS/nodejsCodes/restful/vidly/node_modules/express/lib/application.js:174:10)\n    at Server.app (/Users/olasoj/Downloads/web_development/nodeJS/nodejsCodes/restful/vidly/node_modules/express/lib/express.js:39:9)\n    at Server.emit (events.js:198:13)\n    at parserOnIncoming (_http_server.js:677:12)\n    at HTTPParser.parserOnHeadersComplete (_http_common.js:109:17)"}
{"message":"listening on 3000","level":"info"}
{"message":"connected to mongodb://localhost/vidly_test","level":"info"}
